<?xml version="1.0" encoding="UTF-8"?>
<testng-results ignored="0" total="4" passed="3" failed="1" skipped="0">
  <reporter-output>
  </reporter-output>
  <suite started-at="2024-02-27T13:07:48 EET" name="Suite" finished-at="2024-02-27T13:08:18 EET" duration-ms="29787">
    <groups>
      <group name="Purchase">
        <method signature="e2etrial.submitOrder(java.util.HashMap)[pri:0, instance:companyName.projectName.e2etrial@9f116cc]" name="submitOrder" class="companyName.projectName.e2etrial"/>
      </group> <!-- Purchase -->
    </groups>
    <test started-at="2024-02-27T13:07:48 EET" name="Second" finished-at="2024-02-27T13:08:09 EET" duration-ms="20662">
      <class name="companyName.projectName.e2etrial2_errors">
        <test-method is-config="true" signature="launchApp()[pri:0, instance:companyName.projectName.e2etrial2_errors@1a482e36]" started-at="2024-02-27T13:07:48 EET" name="launchApp" finished-at="2024-02-27T13:07:57 EET" duration-ms="9199" status="PASS">
          <reporter-output>
          </reporter-output>
        </test-method> <!-- launchApp -->
        <test-method signature="ProducterrorValidation()[pri:0, instance:companyName.projectName.e2etrial2_errors@1a482e36]" started-at="2024-02-27T13:07:58 EET" name="ProducterrorValidation" finished-at="2024-02-27T13:08:08 EET" duration-ms="10888" status="PASS">
          <reporter-output>
          </reporter-output>
        </test-method> <!-- ProducterrorValidation -->
        <test-method is-config="true" signature="closeDriver()[pri:0, instance:companyName.projectName.e2etrial2_errors@1a482e36]" started-at="2024-02-27T13:08:08 EET" name="closeDriver" finished-at="2024-02-27T13:08:09 EET" duration-ms="198" status="PASS">
          <reporter-output>
          </reporter-output>
        </test-method> <!-- closeDriver -->
      </class> <!-- companyName.projectName.e2etrial2_errors -->
    </test> <!-- Second -->
    <test started-at="2024-02-27T13:07:48 EET" name="Third" finished-at="2024-02-27T13:08:12 EET" duration-ms="24109">
      <class name="companyName.projectName.e2etrial3">
        <test-method is-config="true" signature="launchApp()[pri:0, instance:companyName.projectName.e2etrial3@2f9f7dcf]" started-at="2024-02-27T13:07:48 EET" name="launchApp" finished-at="2024-02-27T13:08:00 EET" duration-ms="11720" status="PASS">
          <reporter-output>
          </reporter-output>
        </test-method> <!-- launchApp -->
        <test-method signature="submitOrder()[pri:0, instance:companyName.projectName.e2etrial3@2f9f7dcf]" started-at="2024-02-27T13:08:00 EET" name="submitOrder" finished-at="2024-02-27T13:08:12 EET" duration-ms="12273" status="PASS">
          <reporter-output>
          </reporter-output>
        </test-method> <!-- submitOrder -->
        <test-method is-config="true" signature="closeDriver()[pri:0, instance:companyName.projectName.e2etrial3@2f9f7dcf]" started-at="2024-02-27T13:08:12 EET" name="closeDriver" finished-at="2024-02-27T13:08:12 EET" duration-ms="100" status="PASS">
          <reporter-output>
          </reporter-output>
        </test-method> <!-- closeDriver -->
      </class> <!-- companyName.projectName.e2etrial3 -->
    </test> <!-- Third -->
    <test started-at="2024-02-27T13:07:48 EET" name="First" finished-at="2024-02-27T13:08:18 EET" duration-ms="29787">
      <class name="companyName.projectName.e2etrial">
        <test-method is-config="true" signature="launchApp()[pri:0, instance:companyName.projectName.e2etrial@9f116cc]" started-at="2024-02-27T13:07:48 EET" name="launchApp" finished-at="2024-02-27T13:07:59 EET" duration-ms="10766" status="PASS">
          <reporter-output>
          </reporter-output>
        </test-method> <!-- launchApp -->
        <test-method signature="submitOrder(java.util.HashMap)[pri:0, instance:companyName.projectName.e2etrial@9f116cc]" started-at="2024-02-27T13:08:00 EET" name="submitOrder" data-provider="getData" finished-at="2024-02-27T13:08:12 EET" duration-ms="12668" status="PASS">
          <params>
            <param index="0">
              <value>
                <![CDATA[{pass=Ess2001aitch, email=email2001@gmail.com}]]>
              </value>
            </param>
          </params>
          <reporter-output>
          </reporter-output>
        </test-method> <!-- submitOrder -->
        <test-method signature="submitOrder(java.util.HashMap)[pri:0, instance:companyName.projectName.e2etrial@9f116cc]" started-at="2024-02-27T13:08:12 EET" name="submitOrder" data-provider="getData" finished-at="2024-02-27T13:08:17 EET" duration-ms="5031" status="FAIL">
          <params>
            <param index="0">
              <value>
                <![CDATA[{pass=IamKing@000, email=shetty@gmail.com}]]>
              </value>
            </param>
          </params>
          <exception class="org.openqa.selenium.NoSuchElementException">
            <message>
              <![CDATA[no such element: Unable to locate element: {"method":"css selector","selector":"#userEmail"}
  (Session info: chrome-headless-shell=122.0.6261.69)
For documentation on this error, please visit: https://www.selenium.dev/documentation/webdriver/troubleshooting/errors#no-such-element-exception
Build info: version: '4.18.1', revision: 'b1d3319b48'
System info: os.name: 'Windows 11', os.arch: 'amd64', os.version: '10.0', java.version: '21.0.1'
Driver info: org.openqa.selenium.chrome.ChromeDriver
Command: [150f4470b2b574f2751b5c9247ab6efa, findElement {using=id, value=userEmail}]
Capabilities {acceptInsecureCerts: false, browserName: chrome-headless-shell, browserVersion: 122.0.6261.69, chrome: {chromedriverVersion: 122.0.6261.69 (81bc525b6a36..., userDataDir: C:\Users\14234\AppData\Loca...}, fedcm:accounts: true, goog:chromeOptions: {debuggerAddress: localhost:55810}, networkConnectionEnabled: false, pageLoadStrategy: normal, platformName: windows, proxy: Proxy(), se:cdp: ws://localhost:55810/devtoo..., se:cdpVersion: 122.0.6261.69, setWindowRect: true, strictFileInteractability: false, timeouts: {implicit: 0, pageLoad: 300000, script: 30000}, unhandledPromptBehavior: dismiss and notify, webauthn:extension:credBlob: true, webauthn:extension:largeBlob: true, webauthn:extension:minPinLength: true, webauthn:extension:prf: true, webauthn:virtualAuthenticators: true}
Session ID: 150f4470b2b574f2751b5c9247ab6efa]]>
            </message>
            <full-stacktrace>
              <![CDATA[org.openqa.selenium.NoSuchElementException: no such element: Unable to locate element: {"method":"css selector","selector":"#userEmail"}
  (Session info: chrome-headless-shell=122.0.6261.69)
For documentation on this error, please visit: https://www.selenium.dev/documentation/webdriver/troubleshooting/errors#no-such-element-exception
Build info: version: '4.18.1', revision: 'b1d3319b48'
System info: os.name: 'Windows 11', os.arch: 'amd64', os.version: '10.0', java.version: '21.0.1'
Driver info: org.openqa.selenium.chrome.ChromeDriver
Command: [150f4470b2b574f2751b5c9247ab6efa, findElement {using=id, value=userEmail}]
Capabilities {acceptInsecureCerts: false, browserName: chrome-headless-shell, browserVersion: 122.0.6261.69, chrome: {chromedriverVersion: 122.0.6261.69 (81bc525b6a36..., userDataDir: C:\Users\14234\AppData\Loca...}, fedcm:accounts: true, goog:chromeOptions: {debuggerAddress: localhost:55810}, networkConnectionEnabled: false, pageLoadStrategy: normal, platformName: windows, proxy: Proxy(), se:cdp: ws://localhost:55810/devtoo..., se:cdpVersion: 122.0.6261.69, setWindowRect: true, strictFileInteractability: false, timeouts: {implicit: 0, pageLoad: 300000, script: 30000}, unhandledPromptBehavior: dismiss and notify, webauthn:extension:credBlob: true, webauthn:extension:largeBlob: true, webauthn:extension:minPinLength: true, webauthn:extension:prf: true, webauthn:virtualAuthenticators: true}
Session ID: 150f4470b2b574f2751b5c9247ab6efa
at java.base/jdk.internal.reflect.DirectConstructorHandleAccessor.newInstance(DirectConstructorHandleAccessor.java:62)
at java.base/java.lang.reflect.Constructor.newInstanceWithCaller(Constructor.java:502)
at java.base/java.lang.reflect.Constructor.newInstance(Constructor.java:486)
at org.openqa.selenium.remote.ErrorCodec.decode(ErrorCodec.java:167)
at org.openqa.selenium.remote.codec.w3c.W3CHttpResponseCodec.decode(W3CHttpResponseCodec.java:138)
at org.openqa.selenium.remote.codec.w3c.W3CHttpResponseCodec.decode(W3CHttpResponseCodec.java:50)
at org.openqa.selenium.remote.HttpCommandExecutor.execute(HttpCommandExecutor.java:190)
at org.openqa.selenium.remote.service.DriverCommandExecutor.invokeExecute(DriverCommandExecutor.java:216)
at org.openqa.selenium.remote.service.DriverCommandExecutor.execute(DriverCommandExecutor.java:174)
at org.openqa.selenium.remote.RemoteWebDriver.execute(RemoteWebDriver.java:519)
at org.openqa.selenium.remote.ElementLocation$ElementFinder$2.findElement(ElementLocation.java:165)
at org.openqa.selenium.remote.ElementLocation.findElement(ElementLocation.java:59)
at org.openqa.selenium.remote.RemoteWebDriver.findElement(RemoteWebDriver.java:356)
at org.openqa.selenium.remote.RemoteWebDriver.findElement(RemoteWebDriver.java:350)
at org.openqa.selenium.support.pagefactory.DefaultElementLocator.findElement(DefaultElementLocator.java:68)
at org.openqa.selenium.support.pagefactory.internal.LocatingElementHandler.invoke(LocatingElementHandler.java:38)
at jdk.proxy2/jdk.proxy2.$Proxy10.sendKeys(Unknown Source)
at companyName.projectName.pageElements.landingPage.loginActions(landingPage.java:40)
at companyName.projectName.e2etrial.submitOrder(e2etrial.java:53)
at java.base/jdk.internal.reflect.DirectMethodHandleAccessor.invoke(DirectMethodHandleAccessor.java:103)
at java.base/java.lang.reflect.Method.invoke(Method.java:580)
at org.testng.internal.invokers.MethodInvocationHelper.invokeMethod(MethodInvocationHelper.java:139)
at org.testng.internal.invokers.TestInvoker.invokeMethod(TestInvoker.java:664)
at org.testng.internal.invokers.TestInvoker.invokeTestMethod(TestInvoker.java:228)
at org.testng.internal.invokers.MethodRunner.runInSequence(MethodRunner.java:63)
at org.testng.internal.invokers.TestInvoker$MethodInvocationAgent.invoke(TestInvoker.java:961)
at org.testng.internal.invokers.TestInvoker.invokeTestMethods(TestInvoker.java:201)
at org.testng.internal.invokers.TestMethodWorker.invokeTestMethods(TestMethodWorker.java:148)
at org.testng.internal.invokers.TestMethodWorker.run(TestMethodWorker.java:128)
at java.base/java.util.ArrayList.forEach(ArrayList.java:1596)
at org.testng.TestRunner.privateRun(TestRunner.java:819)
at org.testng.TestRunner.run(TestRunner.java:619)
at org.testng.SuiteRunner.runTest(SuiteRunner.java:443)
at org.testng.SuiteRunner$SuiteWorker.run(SuiteRunner.java:481)
at org.testng.internal.thread.ThreadUtil.lambda$execute$0(ThreadUtil.java:58)
at java.base/java.util.concurrent.FutureTask.run(FutureTask.java:317)
at java.base/java.util.concurrent.ThreadPoolExecutor.runWorker(ThreadPoolExecutor.java:1144)
at java.base/java.util.concurrent.ThreadPoolExecutor$Worker.run(ThreadPoolExecutor.java:642)
at java.base/java.lang.Thread.run(Thread.java:1583)
]]>
            </full-stacktrace>
          </exception> <!-- org.openqa.selenium.NoSuchElementException -->
          <reporter-output>
          </reporter-output>
        </test-method> <!-- submitOrder -->
        <test-method is-config="true" signature="closeDriver()[pri:0, instance:companyName.projectName.e2etrial@9f116cc]" started-at="2024-02-27T13:08:17 EET" name="closeDriver" finished-at="2024-02-27T13:08:18 EET" duration-ms="377" status="PASS">
          <reporter-output>
          </reporter-output>
        </test-method> <!-- closeDriver -->
      </class> <!-- companyName.projectName.e2etrial -->
    </test> <!-- First -->
  </suite> <!-- Suite -->
</testng-results>
